Arguments: 
  /usr/local/bin/node /usr/local/bin/yarn add lottie-react-native

PATH: 
  /usr/local/bin:/usr/bin:/bin:/usr/sbin:/sbin:/usr/local/share/dotnet:~/.dotnet/tools:/Library/Apple/usr/bin:/Library/Frameworks/Mono.framework/Versions/Current/Commands

Yarn version: 
  1.22.19

Node version: 
  16.15.1

Platform: 
  darwin x64

Trace: 
  Error: EACCES: permission denied, unlink '/Users/animator-x/Desktop/React-native/MealsToGo/node_modules/@expo/osascript/node_modules/.bin/node-which'

npm manifest: 
  {
    "name": "mealstogo",
    "version": "1.0.0",
    "main": "node_modules/expo/AppEntry.js",
    "scripts": {
      "start": "expo start",
      "android": "expo start --android",
      "ios": "expo start --ios",
      "web": "expo start --web",
      "eject": "expo eject",
      "lint": "eslint . --ext .js"
    },
    "dependencies": {
      "@expo-google-fonts/cairo": "^0.2.2",
      "@expo-google-fonts/inter": "^0.2.2",
      "@expo-google-fonts/montserrat": "^0.2.2",
      "@react-native-async-storage/async-storage": "^1.17.9",
      "@react-navigation/bottom-tabs": "^6.3.2",
      "@react-navigation/native": "^6.0.11",
      "@react-navigation/stack": "^6.2.2",
      "camelize": "^1.0.0",
      "expo": "~45.0.0",
      "expo-font": "~10.1.0",
      "expo-status-bar": "~1.3.0",
      "firebase": "^9.9.2",
      "firebaseui": "^6.0.1",
      "react": "17.0.2",
      "react-dom": "17.0.2",
      "react-native": "0.68.2",
      "react-native-gesture-handler": "~2.2.1",
      "react-native-maps": "0.30.2",
      "react-native-paper": "^4.12.2",
      "react-native-safe-area-context": "4.2.4",
      "react-native-screens": "~3.11.1",
      "react-native-svg": "12.3.0",
      "react-native-web": "0.17.7",
      "react-native-webview": "11.18.1",
      "styled-components": "^5.3.5"
    },
    "devDependencies": {
      "@babel/core": "^7.12.9",
      "@react-native-community/eslint-config": "^3.0.3",
      "eslint": "^8.0.1",
      "eslint-config-standard": "^17.0.0",
      "eslint-plugin-import": "^2.25.2",
      "eslint-plugin-n": "^15.0.0",
      "eslint-plugin-promise": "^6.0.0",
      "eslint-plugin-react": "^7.30.1",
      "prettier": "^2.7.1"
    },
    "private": true
  }

yarn manifest: 
  No manifest

Lockfile: 
  
